<?xml version="1.0" encoding="UTF-8"?>
<!-- Generated by org.testng.reporters.JUnitReportReporter -->
<testsuite skipped="1" hostname="DESKTOP-TUM767L" name="com.romanceabroad.ui.SearchTests" tests="7" failures="0" timestamp="17 Nov 2019 23:29:11 GMT" time="492.518" errors="0">
  <testcase name="testSearchPageTestCase1" time="32.342" classname="com.romanceabroad.ui.SearchTests"/>
  <testcase name="testAgeDropdownsTestCase3" time="46.657" classname="com.romanceabroad.ui.SearchTests"/>
  <testcase name="testDefaultDropdownTestCase4" time="128.508" classname="com.romanceabroad.ui.SearchTests"/>
  <testcase name="testDefaultDropdownTestCase4" time="110.198" classname="com.romanceabroad.ui.SearchTests"/>
  <testcase name="testDefaultDropdownTestCase4" time="122.346" classname="com.romanceabroad.ui.SearchTests"/>
  <testcase name="testDefaultDropdownTestCase4" time="52.467" classname="com.romanceabroad.ui.SearchTests"/>
  <testcase name="testDefaultDropdownTestCase2" classname="com.romanceabroad.ui.SearchTests">
    <skipped/>
  </testcase> <!-- testDefaultDropdownTestCase2 -->
</testsuite> <!-- com.romanceabroad.ui.SearchTests -->
