<?xml version="1.0" encoding="UTF-8"?>
<!-- Generated by org.testng.reporters.JUnitReportReporter -->
<testsuite skipped="1" hostname="DESKTOP-TUM767L" name="com.romanceabroad.ui.SearchTests" tests="7" failures="0" timestamp="17 Nov 2019 23:04:26 GMT" time="458.019" errors="0">
  <testcase name="testSearchPageTestCase1" time="29.074" classname="com.romanceabroad.ui.SearchTests"/>
  <testcase name="testAgeDropdownsTestCase3" time="35.737" classname="com.romanceabroad.ui.SearchTests"/>
  <testcase name="testDefaultDropdownTestCase4" time="113.357" classname="com.romanceabroad.ui.SearchTests"/>
  <testcase name="testDefaultDropdownTestCase4" time="106.425" classname="com.romanceabroad.ui.SearchTests"/>
  <testcase name="testDefaultDropdownTestCase4" time="123.362" classname="com.romanceabroad.ui.SearchTests"/>
  <testcase name="testDefaultDropdownTestCase4" time="50.064" classname="com.romanceabroad.ui.SearchTests"/>
  <testcase name="testDefaultDropdownTestCase2" classname="com.romanceabroad.ui.SearchTests">
    <skipped/>
  </testcase> <!-- testDefaultDropdownTestCase2 -->
</testsuite> <!-- com.romanceabroad.ui.SearchTests -->
