<?xml version="1.0" encoding="UTF-8"?>
<!-- Generated by org.testng.reporters.JUnitReportReporter -->
<testsuite skipped="1" hostname="DESKTOP-TUM767L" name="com.romanceabroad.ui.SearchTests" tests="7" failures="0" timestamp="17 Nov 2019 23:20:16 GMT" time="435.538" errors="0">
  <testcase name="testSearchPageTestCase1" time="38.671" classname="com.romanceabroad.ui.SearchTests"/>
  <testcase name="testAgeDropdownsTestCase3" time="39.767" classname="com.romanceabroad.ui.SearchTests"/>
  <testcase name="testDefaultDropdownTestCase4" time="107.369" classname="com.romanceabroad.ui.SearchTests"/>
  <testcase name="testDefaultDropdownTestCase4" time="105.501" classname="com.romanceabroad.ui.SearchTests"/>
  <testcase name="testDefaultDropdownTestCase4" time="110.082" classname="com.romanceabroad.ui.SearchTests"/>
  <testcase name="testDefaultDropdownTestCase4" time="34.148" classname="com.romanceabroad.ui.SearchTests"/>
  <testcase name="testDefaultDropdownTestCase2" classname="com.romanceabroad.ui.SearchTests">
    <skipped/>
  </testcase> <!-- testDefaultDropdownTestCase2 -->
</testsuite> <!-- com.romanceabroad.ui.SearchTests -->
