<?xml version="1.0" encoding="UTF-8"?>
<!-- Generated by org.testng.reporters.JUnitReportReporter -->
<testsuite skipped="1" hostname="DESKTOP-TUM767L" name="com.romanceabroad.ui.SearchTests" tests="7" failures="0" timestamp="24 Nov 2019 20:37:26 GMT" time="552.215" errors="0">
  <testcase name="testSearchPageTestCase1" time="43.079" classname="com.romanceabroad.ui.SearchTests"/>
  <testcase name="testAgeDropdownsTestCase3" time="60.127" classname="com.romanceabroad.ui.SearchTests"/>
  <testcase name="testDefaultDropdownTestCase4" time="117.087" classname="com.romanceabroad.ui.SearchTests"/>
  <testcase name="testDefaultDropdownTestCase4" time="152.875" classname="com.romanceabroad.ui.SearchTests"/>
  <testcase name="testDefaultDropdownTestCase4" time="123.949" classname="com.romanceabroad.ui.SearchTests"/>
  <testcase name="testDefaultDropdownTestCase4" time="55.098" classname="com.romanceabroad.ui.SearchTests"/>
  <testcase name="testDefaultDropdownTestCase2" classname="com.romanceabroad.ui.SearchTests">
    <skipped/>
  </testcase> <!-- testDefaultDropdownTestCase2 -->
</testsuite> <!-- com.romanceabroad.ui.SearchTests -->
