<?xml version="1.0" encoding="UTF-8"?>
<!-- Generated by org.testng.reporters.JUnitReportReporter -->
<testsuite skipped="1" hostname="DESKTOP-TUM767L" name="com.romanceabroad.ui.SearchTests" tests="7" failures="0" timestamp="17 Nov 2019 22:56:14 GMT" time="483.055" errors="0">
  <testcase name="testSearchPageTestCase1" time="40.925" classname="com.romanceabroad.ui.SearchTests"/>
  <testcase name="testAgeDropdownsTestCase3" time="53.830" classname="com.romanceabroad.ui.SearchTests"/>
  <testcase name="testDefaultDropdownTestCase4" time="107.677" classname="com.romanceabroad.ui.SearchTests"/>
  <testcase name="testDefaultDropdownTestCase4" time="120.384" classname="com.romanceabroad.ui.SearchTests"/>
  <testcase name="testDefaultDropdownTestCase4" time="121.000" classname="com.romanceabroad.ui.SearchTests"/>
  <testcase name="testDefaultDropdownTestCase4" time="39.239" classname="com.romanceabroad.ui.SearchTests"/>
  <testcase name="testDefaultDropdownTestCase2" classname="com.romanceabroad.ui.SearchTests">
    <skipped/>
  </testcase> <!-- testDefaultDropdownTestCase2 -->
</testsuite> <!-- com.romanceabroad.ui.SearchTests -->
